<?xml version="1.0" encoding="UTF-8"?>
<!-- Generated by org.testng.reporters.JUnitReportReporter -->
<testsuite hostname="INBMWN154463" failures="0" tests="5" name="TestNG.test4" time="0.016" errors="0" timestamp="2024-11-18T23:25:29 IST" skipped="1">
  <testcase classname="TestNG.test4" name="testerM" time="0.009"/>
  <testcase classname="TestNG.test4" name="Business" time="0.002"/>
  <testcase classname="TestNG.test4" name="testerW" time="0.002"/>
  <testcase classname="TestNG.test4" name="testerA" time="0.003"/>
  <testcase classname="TestNG.test4" name="Dev">
    <skipped/>
  </testcase> <!-- Dev -->
</testsuite> <!-- TestNG.test4 -->
