<?xml version="1.0" encoding="UTF-8"?>
<!-- Generated by org.testng.reporters.JUnitReportReporter -->
<testsuite hostname="INBMWN154463" failures="0" tests="1" name="TestNG.Test1" time="0.007" errors="0" timestamp="2024-11-19T00:24:03 IST" skipped="0">
  <testcase classname="TestNG.Test1" name="test" time="0.007"/>
</testsuite> <!-- TestNG.Test1 -->
