<?xml version="1.0" encoding="UTF-8"?>
<!-- Generated by org.testng.reporters.JUnitReportReporter -->
<testsuite hostname="INBMWN154463" failures="0" tests="3" name="TestNG.test3" time="0.004" errors="0" timestamp="2024-11-18T23:25:29 IST" skipped="0">
  <testcase classname="TestNG.test3" name="APILogin" time="0.002"/>
  <testcase classname="TestNG.test3" name="MobileLogin" time="0.001"/>
  <testcase classname="TestNG.test3" name="WebLogin" time="0.001"/>
</testsuite> <!-- TestNG.test3 -->
