<?xml version="1.0" encoding="UTF-8"?>
<!-- Generated by org.testng.reporters.JUnitReportReporter -->
<testsuite hostname="INBMWN154463" failures="0" tests="7" name="TestNG.test4" time="0.020" errors="0" timestamp="2024-11-19T00:24:03 IST" skipped="2">
  <testcase classname="TestNG.test4" name="testerM" time="0.010"/>
  <testcase classname="TestNG.test4" name="testerW" time="0.001"/>
  <testcase classname="TestNG.test4" name="testerA" time="0.005"/>
  <testcase classname="TestNG.test4" name="testerA" time="0.002"/>
  <testcase classname="TestNG.test4" name="Business" time="0.002"/>
  <testcase classname="TestNG.test4" name="Dev">
    <skipped/>
  </testcase> <!-- Dev -->
  <testcase classname="TestNG.test4" name="Dev">
    <skipped/>
  </testcase> <!-- Dev -->
</testsuite> <!-- TestNG.test4 -->
