<?xml version="1.0" encoding="UTF-8"?>
<!-- Generated by org.testng.reporters.JUnitReportReporter -->
<testsuite hostname="INBMWN154463" failures="0" tests="1" name="seleniumscripts.NewTest" time="0.009" errors="0" timestamp="2024-11-18T23:08:32 IST" skipped="0">
  <testcase classname="seleniumscripts.NewTest" name="f" time="0.009"/>
</testsuite> <!-- seleniumscripts.NewTest -->
